<?xml version="1.0" encoding="UTF-8"?>
<!-- Generated by org.testng.reporters.JUnitXMLReporter -->
<testsuite hostname="narek-MS-7917" ignored="0" name="Command line test" tests="20" failures="20" timestamp="20 Apr 2018 14:40:33 GMT" time="0.741" errors="0">
  <testcase name="testAddService" time="0.678" classname="org.badcoding.dao.implementation.ServiceDAOImplTest">
    <failure type="java.lang.ExceptionInInitializerError">
      <![CDATA[java.lang.ExceptionInInitializerError
at org.badcoding.dao.implementation.ServiceDAOImpl.getServiceById(ServiceDAOImpl.java:64)
at org.badcoding.dao.implementation.ServiceDAOImplTest.testAddService(ServiceDAOImplTest.java:15)
Caused by: org.hibernate.exception.JDBCConnectionException: Error calling Driver#connect
at org.hibernate.engine.jdbc.connections.internal.BasicConnectionCreator$1$1.convert(BasicConnectionCreator.java:122)
at org.hibernate.engine.jdbc.connections.internal.BasicConnectionCreator.convertSqlException(BasicConnectionCreator.java:140)
at org.hibernate.engine.jdbc.connections.internal.DriverConnectionCreator.makeConnection(DriverConnectionCreator.java:58)
at org.hibernate.engine.jdbc.connections.internal.BasicConnectionCreator.createConnection(BasicConnectionCreator.java:75)
at org.hibernate.engine.jdbc.connections.internal.DriverManagerConnectionProviderImpl.configure(DriverManagerConnectionProviderImpl.java:106)
at org.hibernate.boot.registry.internal.StandardServiceRegistryImpl.configureService(StandardServiceRegistryImpl.java:89)
at org.hibernate.service.internal.AbstractServiceRegistryImpl.initializeService(AbstractServiceRegistryImpl.java:206)
at org.hibernate.service.internal.AbstractServiceRegistryImpl.getService(AbstractServiceRegistryImpl.java:178)
at org.hibernate.engine.jdbc.internal.JdbcServicesImpl.buildJdbcConnectionAccess(JdbcServicesImpl.java:260)
at org.hibernate.engine.jdbc.internal.JdbcServicesImpl.configure(JdbcServicesImpl.java:94)
at org.hibernate.boot.registry.internal.StandardServiceRegistryImpl.configureService(StandardServiceRegistryImpl.java:89)
at org.hibernate.service.internal.AbstractServiceRegistryImpl.initializeService(AbstractServiceRegistryImpl.java:206)
at org.hibernate.service.internal.AbstractServiceRegistryImpl.getService(AbstractServiceRegistryImpl.java:178)
at org.hibernate.cfg.Configuration.buildTypeRegistrations(Configuration.java:1885)
at org.hibernate.cfg.Configuration.buildSessionFactory(Configuration.java:1843)
at org.badcoding.hibernate.logic.Database.<clinit>(Database.java:14)
... 31 more
Caused by: java.sql.SQLException: Access denied for user ''@'localhost' (using password: NO)
at com.mysql.jdbc.SQLError.createSQLException(SQLError.java:1084)
at com.mysql.jdbc.MysqlIO.checkErrorPacket(MysqlIO.java:4232)
at com.mysql.jdbc.MysqlIO.checkErrorPacket(MysqlIO.java:4164)
at com.mysql.jdbc.MysqlIO.checkErrorPacket(MysqlIO.java:926)
at com.mysql.jdbc.MysqlIO.proceedHandshakeWithPluggableAuthentication(MysqlIO.java:1748)
at com.mysql.jdbc.MysqlIO.doHandshake(MysqlIO.java:1288)
at com.mysql.jdbc.ConnectionImpl.coreConnect(ConnectionImpl.java:2506)
at com.mysql.jdbc.ConnectionImpl.connectOneTryOnly(ConnectionImpl.java:2539)
at com.mysql.jdbc.ConnectionImpl.createNewIO(ConnectionImpl.java:2321)
at com.mysql.jdbc.ConnectionImpl.<init>(ConnectionImpl.java:832)
at com.mysql.jdbc.JDBC4Connection.<init>(JDBC4Connection.java:46)
at com.mysql.jdbc.Util.handleNewInstance(Util.java:409)
at com.mysql.jdbc.ConnectionImpl.getInstance(ConnectionImpl.java:417)
at com.mysql.jdbc.NonRegisteringDriver.connect(NonRegisteringDriver.java:344)
at org.hibernate.engine.jdbc.connections.internal.DriverConnectionCreator.makeConnection(DriverConnectionCreator.java:55)
... 44 more
... Removed 33 stack frames]]>
    </failure>
  </testcase> <!-- testAddService -->
  <testcase name="testGetServiceById" time="0.0" classname="org.badcoding.dao.implementation.ServiceDAOImplTest">
    <failure type="java.lang.NoClassDefFoundError" message="Could not initialize class org.badcoding.hibernate.logic.Database">
      <![CDATA[java.lang.NoClassDefFoundError: Could not initialize class org.badcoding.hibernate.logic.Database
at org.badcoding.dao.implementation.ServiceDAOImpl.getServiceById(ServiceDAOImpl.java:64)
at org.badcoding.dao.implementation.ServiceDAOImplTest.testGetServiceById(ServiceDAOImplTest.java:32)
... Removed 29 stack frames]]>
    </failure>
  </testcase> <!-- testGetServiceById -->
  <testcase name="testListServices" time="0.0" classname="org.badcoding.dao.implementation.ServiceDAOImplTest">
    <failure type="java.lang.NoClassDefFoundError" message="Could not initialize class org.badcoding.hibernate.logic.Database">
      <![CDATA[java.lang.NoClassDefFoundError: Could not initialize class org.badcoding.hibernate.logic.Database
at org.badcoding.dao.implementation.ServiceDAOImpl.listServices(ServiceDAOImpl.java:81)
at org.badcoding.dao.implementation.ServiceDAOImplTest.testListServices(ServiceDAOImplTest.java:38)
... Removed 29 stack frames]]>
    </failure>
  </testcase> <!-- testListServices -->
  <testcase name="testUpdateService" time="0.0" classname="org.badcoding.dao.implementation.ServiceDAOImplTest">
    <failure type="java.lang.NoClassDefFoundError" message="Could not initialize class org.badcoding.hibernate.logic.Database">
      <![CDATA[java.lang.NoClassDefFoundError: Could not initialize class org.badcoding.hibernate.logic.Database
at org.badcoding.dao.implementation.ServiceDAOImpl.getServiceById(ServiceDAOImpl.java:64)
at org.badcoding.dao.implementation.ServiceDAOImplTest.testUpdateService(ServiceDAOImplTest.java:24)
... Removed 29 stack frames]]>
    </failure>
  </testcase> <!-- testUpdateService -->
  <testcase name="testAddEvent" time="0.001" classname="org.badcoding.dao.implementation.EventDAOImplTest">
    <failure type="java.lang.NoClassDefFoundError" message="Could not initialize class org.badcoding.hibernate.logic.Database">
      <![CDATA[java.lang.NoClassDefFoundError: Could not initialize class org.badcoding.hibernate.logic.Database
at org.badcoding.dao.implementation.EventDAOImpl.getEventById(EventDAOImpl.java:65)
at org.badcoding.dao.implementation.EventDAOImplTest.testAddEvent(EventDAOImplTest.java:19)
... Removed 29 stack frames]]>
    </failure>
  </testcase> <!-- testAddEvent -->
  <testcase name="testGetEventById" time="0.0" classname="org.badcoding.dao.implementation.EventDAOImplTest">
    <failure type="java.lang.NoClassDefFoundError" message="Could not initialize class org.badcoding.hibernate.logic.Database">
      <![CDATA[java.lang.NoClassDefFoundError: Could not initialize class org.badcoding.hibernate.logic.Database
at org.badcoding.dao.implementation.EventDAOImpl.getEventById(EventDAOImpl.java:65)
at org.badcoding.dao.implementation.EventDAOImplTest.testGetEventById(EventDAOImplTest.java:45)
... Removed 29 stack frames]]>
    </failure>
  </testcase> <!-- testGetEventById -->
  <testcase name="testListEventByDate" time="0.0" classname="org.badcoding.dao.implementation.EventDAOImplTest">
    <failure type="java.lang.NoClassDefFoundError" message="Could not initialize class org.badcoding.hibernate.logic.Database">
      <![CDATA[java.lang.NoClassDefFoundError: Could not initialize class org.badcoding.hibernate.logic.Database
at org.badcoding.dao.implementation.EventDAOImpl.listEventByDate(EventDAOImpl.java:83)
at org.badcoding.dao.implementation.EventDAOImplTest.testListEventByDate(EventDAOImplTest.java:63)
... Removed 29 stack frames]]>
    </failure>
  </testcase> <!-- testListEventByDate -->
  <testcase name="testListEvents" time="0.0" classname="org.badcoding.dao.implementation.EventDAOImplTest">
    <failure type="java.lang.NoClassDefFoundError" message="Could not initialize class org.badcoding.hibernate.logic.Database">
      <![CDATA[java.lang.NoClassDefFoundError: Could not initialize class org.badcoding.hibernate.logic.Database
at org.badcoding.dao.implementation.EventDAOImpl.listEvents(EventDAOImpl.java:108)
at org.badcoding.dao.implementation.EventDAOImplTest.testListEvents(EventDAOImplTest.java:51)
... Removed 29 stack frames]]>
    </failure>
  </testcase> <!-- testListEvents -->
  <testcase name="testUpdateEvent" time="0.0" classname="org.badcoding.dao.implementation.EventDAOImplTest">
    <failure type="java.lang.NoClassDefFoundError" message="Could not initialize class org.badcoding.hibernate.logic.Database">
      <![CDATA[java.lang.NoClassDefFoundError: Could not initialize class org.badcoding.hibernate.logic.Database
at org.badcoding.dao.implementation.EventDAOImpl.getEventById(EventDAOImpl.java:65)
at org.badcoding.dao.implementation.EventDAOImplTest.testUpdateEvent(EventDAOImplTest.java:28)
... Removed 29 stack frames]]>
    </failure>
  </testcase> <!-- testUpdateEvent -->
  <testcase name="testAddCustomer" time="0.0" classname="org.badcoding.dao.implementation.CustomerDAOImplTest">
    <failure type="java.lang.NoClassDefFoundError" message="Could not initialize class org.badcoding.hibernate.logic.Database">
      <![CDATA[java.lang.NoClassDefFoundError: Could not initialize class org.badcoding.hibernate.logic.Database
at org.badcoding.dao.implementation.CustomerDAOImpl.getCustomerById(CustomerDAOImpl.java:65)
at org.badcoding.dao.implementation.CustomerDAOImplTest.testAddCustomer(CustomerDAOImplTest.java:15)
... Removed 29 stack frames]]>
    </failure>
  </testcase> <!-- testAddCustomer -->
  <testcase name="testGetCustomerById" time="0.0" classname="org.badcoding.dao.implementation.CustomerDAOImplTest">
    <failure type="java.lang.NoClassDefFoundError" message="Could not initialize class org.badcoding.hibernate.logic.Database">
      <![CDATA[java.lang.NoClassDefFoundError: Could not initialize class org.badcoding.hibernate.logic.Database
at org.badcoding.dao.implementation.CustomerDAOImpl.getCustomerById(CustomerDAOImpl.java:65)
at org.badcoding.dao.implementation.CustomerDAOImplTest.testGetCustomerById(CustomerDAOImplTest.java:34)
... Removed 29 stack frames]]>
    </failure>
  </testcase> <!-- testGetCustomerById -->
  <testcase name="testUpdateCustomer" time="0.0" classname="org.badcoding.dao.implementation.CustomerDAOImplTest">
    <failure type="java.lang.NoClassDefFoundError" message="Could not initialize class org.badcoding.hibernate.logic.Database">
      <![CDATA[java.lang.NoClassDefFoundError: Could not initialize class org.badcoding.hibernate.logic.Database
at org.badcoding.dao.implementation.CustomerDAOImpl.getCustomerById(CustomerDAOImpl.java:65)
at org.badcoding.dao.implementation.CustomerDAOImplTest.testUpdateCustomer(CustomerDAOImplTest.java:26)
... Removed 29 stack frames]]>
    </failure>
  </testcase> <!-- testUpdateCustomer -->
  <testcase name="removeTariff" time="0.018" classname="org.badcoding.dao.implementation.TariffDAOImplTest">
    <failure type="java.lang.NoClassDefFoundError" message="Could not initialize class org.badcoding.hibernate.logic.Database">
      <![CDATA[java.lang.NoClassDefFoundError: Could not initialize class org.badcoding.hibernate.logic.Database
at org.badcoding.dao.implementation.TariffDAOImpl.addTariff(TariffDAOImpl.java:21)
at org.badcoding.dao.implementation.TariffDAOImplTest.removeTariff(TariffDAOImplTest.java:30)
... Removed 29 stack frames]]>
    </failure>
  </testcase> <!-- removeTariff -->
  <testcase name="testAddTariff" time="0.0" classname="org.badcoding.dao.implementation.TariffDAOImplTest">
    <failure type="java.lang.NoClassDefFoundError" message="Could not initialize class org.badcoding.hibernate.logic.Database">
      <![CDATA[java.lang.NoClassDefFoundError: Could not initialize class org.badcoding.hibernate.logic.Database
at org.badcoding.dao.implementation.TariffDAOImpl.getTariffById(TariffDAOImpl.java:64)
at org.badcoding.dao.implementation.TariffDAOImplTest.testAddTariff(TariffDAOImplTest.java:15)
... Removed 29 stack frames]]>
    </failure>
  </testcase> <!-- testAddTariff -->
  <testcase name="testAddContract" time="0.0" classname="org.badcoding.dao.implementation.ContractDAOImplTest">
    <failure type="java.lang.NoClassDefFoundError" message="Could not initialize class org.badcoding.hibernate.logic.Database">
      <![CDATA[java.lang.NoClassDefFoundError: Could not initialize class org.badcoding.hibernate.logic.Database
at org.badcoding.dao.implementation.CustomerDAOImpl.getCustomerById(CustomerDAOImpl.java:65)
at org.badcoding.dao.implementation.ContractDAOImplTest.testAddContract(ContractDAOImplTest.java:17)
... Removed 29 stack frames]]>
    </failure>
  </testcase> <!-- testAddContract -->
  <testcase name="testGetContractById" time="0.001" classname="org.badcoding.dao.implementation.ContractDAOImplTest">
    <failure type="java.lang.NoClassDefFoundError" message="Could not initialize class org.badcoding.hibernate.logic.Database">
      <![CDATA[java.lang.NoClassDefFoundError: Could not initialize class org.badcoding.hibernate.logic.Database
at org.badcoding.dao.implementation.ContractDAOImpl.getContractById(ContractDAOImpl.java:65)
at org.badcoding.dao.implementation.ContractDAOImplTest.testGetContractById(ContractDAOImplTest.java:52)
... Removed 29 stack frames]]>
    </failure>
  </testcase> <!-- testGetContractById -->
  <testcase name="testListContracts" time="0.001" classname="org.badcoding.dao.implementation.ContractDAOImplTest">
    <failure type="java.lang.NoClassDefFoundError" message="Could not initialize class org.badcoding.hibernate.logic.Database">
      <![CDATA[java.lang.NoClassDefFoundError: Could not initialize class org.badcoding.hibernate.logic.Database
at org.badcoding.dao.implementation.ContractDAOImpl.listContracts(ContractDAOImpl.java:82)
at org.badcoding.dao.implementation.ContractDAOImplTest.testListContracts(ContractDAOImplTest.java:58)
... Removed 29 stack frames]]>
    </failure>
  </testcase> <!-- testListContracts -->
  <testcase name="testListContractsOfCustomer" time="0.0" classname="org.badcoding.dao.implementation.ContractDAOImplTest">
    <failure type="java.lang.NoClassDefFoundError" message="Could not initialize class org.badcoding.hibernate.logic.Database">
      <![CDATA[java.lang.NoClassDefFoundError: Could not initialize class org.badcoding.hibernate.logic.Database
at org.badcoding.dao.implementation.CustomerDAOImpl.getCustomerById(CustomerDAOImpl.java:65)
at org.badcoding.dao.implementation.ContractDAOImplTest.testListContractsOfCustomer(ContractDAOImplTest.java:69)
... Removed 29 stack frames]]>
    </failure>
  </testcase> <!-- testListContractsOfCustomer -->
  <testcase name="testRemoveContract" time="0.0" classname="org.badcoding.dao.implementation.ContractDAOImplTest">
    <failure type="java.lang.NoClassDefFoundError" message="Could not initialize class org.badcoding.hibernate.logic.Database">
      <![CDATA[java.lang.NoClassDefFoundError: Could not initialize class org.badcoding.hibernate.logic.Database
at org.badcoding.dao.implementation.ContractDAOImpl.getContractById(ContractDAOImpl.java:65)
at org.badcoding.dao.implementation.ContractDAOImplTest.testRemoveContract(ContractDAOImplTest.java:44)
... Removed 29 stack frames]]>
    </failure>
  </testcase> <!-- testRemoveContract -->
  <testcase name="testUpdateContract" time="0.0" classname="org.badcoding.dao.implementation.ContractDAOImplTest">
    <failure type="java.lang.NoClassDefFoundError" message="Could not initialize class org.badcoding.hibernate.logic.Database">
      <![CDATA[java.lang.NoClassDefFoundError: Could not initialize class org.badcoding.hibernate.logic.Database
at org.badcoding.dao.implementation.ContractDAOImpl.getContractById(ContractDAOImpl.java:65)
at org.badcoding.dao.implementation.ContractDAOImplTest.testUpdateContract(ContractDAOImplTest.java:36)
... Removed 29 stack frames]]>
    </failure>
  </testcase> <!-- testUpdateContract -->
</testsuite> <!-- Command line test -->
